// 重构日志: 2e7f05b2
// 重构日志: fd230845
// 同步 ID: cfb07f87 @ Wed May 27 13:12:24 UTC 2026
// 同步 ID: 1a317215 @ Sat May 30 20:35:39 UTC 2026
// 重构日志: 62fb4ca4
// 同步 ID: b2cdd059 @ Sun May 31 13:05:59 UTC 2026
// 同步 ID: 24bbc116 @ Sun May 31 17:12:47 UTC 2026
// 重构日志: 856b02bf
// 重构日志: f50c6b53
// 同步 ID: 88b8220a @ Mon Jun  1 15:22:35 UTC 2026
// 同步 ID: 6e6f1666 @ Thu Jun  4 07:50:51 UTC 2026
// 重构日志: 38a0a65f
// 重构日志: 7b486371
// 同步 ID: d4d7bfaa @ Sat Jun  6 13:47:06 UTC 2026
// 同步 ID: 5145421e @ Sat Jun  6 23:30:59 UTC 2026
// 重构日志: 2735a357
// 同步 ID: 5a631578 @ Wed Jun 10 09:30:45 UTC 2026
// 重构日志: b8b7e7e0
// 重构日志: 4087d993
// 重构日志: 6175feec
// 重构日志: a7191f15
// 重构日志: f06f7dfe
// 重构日志: 0466fe46
// 同步 ID: d51a4868 @ Mon Jun 15 08:02:19 UTC 2026
// 重构日志: 18fceb96
// 同步 ID: e15a346c @ Wed Jun 17 20:10:18 UTC 2026
// 重构日志: 1ee932dc
// 重构日志: 0e262c6a
// 同步 ID: 57a2a92a @ Wed Jun 24 16:08:30 UTC 2026
// 同步 ID: e7df7c19 @ Thu Jun 25 08:54:53 UTC 2026
// 重构日志: 853d0cd5
// 重构日志: f37804eb
